[+] Containers:
 |- [+] Container: /Game/FirstPerson/Maps/FirstPersonMap
 |   |- [+] ActorDescs:
 |   |   |- Guid:1102CDC042105C46336EC8955991F478 NativeClass:/Script/Engine.StaticMeshActor Name:StaticMeshActor_UAID_D843AE9835D690CD02_1077430332 Label:SM_Cube7 SpatiallyLoaded:true EditorBounds:IsValid=true, Min=(X=0.000 Y=3200.000 Z=300.000), Max=(X=2500.000 Y=3500.000 Z=350.000) RuntimeBounds:IsValid=true, Min=(X=0.000 Y=3200.000 Z=300.000), Max=(X=2500.000 Y=3500.000 Z=350.000) RuntimeGrid:None EditorOnly:false RuntimeOnly:false HLODRelevant:true ListedInSceneOutliner:true IsMainWorldOnly:false FolderPath:Playground FolderGuid:CDC3EA2D424DF73175D386948543BF31
 |   |   |- Guid:13F40C7241F9A80D3E971DBC21FCAFB0 NativeClass:/Script/Engine.SkyAtmosphere Name:SkyAtmosphere_0 Label:SkyAtmosphere SpatiallyLoaded:false EditorBounds:IsValid=true, Min=(X=0.000 Y=0.000 Z=1020.000), Max=(X=0.000 Y=0.000 Z=1020.000) RuntimeBounds:IsValid=true, Min=(X=0.000 Y=0.000 Z=1020.000), Max=(X=0.000 Y=0.000 Z=1020.000) RuntimeGrid:None EditorOnly:false RuntimeOnly:false HLODRelevant:false ListedInSceneOutliner:true IsMainWorldOnly:false FolderPath:Lighting FolderGuid:D9E1224C415FCB205E4105B3245ADAAB
 |   |   |- Guid:1F9EE9F9412F46F834B89E8755AA7A68 NativeClass:/Script/Engine.StaticMeshActor Name:StaticMeshActor_UAID_D843AE9835D68FCD02_1614363147 Label:Wall_400x204 SpatiallyLoaded:true EditorBounds:IsValid=true, Min=(X=700.000 Y=830.000 Z=0.000), Max=(X=1300.000 Y=850.000 Z=300.000) RuntimeBounds:IsValid=true, Min=(X=700.000 Y=830.000 Z=0.000), Max=(X=1300.000 Y=850.000 Z=300.000) RuntimeGrid:None EditorOnly:false RuntimeOnly:false HLODRelevant:true ListedInSceneOutliner:true IsMainWorldOnly:false FolderPath:Playground FolderGuid:CDC3EA2D424DF73175D386948543BF31
 |   |   |- Guid:22C4F1724348A3818BBA0A939CA01B63 NativeClass:/Script/Engine.WorldDataLayers Name:WorldDataLayers Label:WorldDataLayers-1 SpatiallyLoaded:false EditorBounds:IsValid=true, Min=(X=0.000 Y=0.000 Z=0.000), Max=(X=0.000 Y=0.000 Z=0.000) RuntimeBounds:IsValid=true, Min=(X=0.000 Y=0.000 Z=0.000), Max=(X=0.000 Y=0.000 Z=0.000) RuntimeGrid:None EditorOnly:false RuntimeOnly:false HLODRelevant:false ListedInSceneOutliner:true IsMainWorldOnly:true
 |   |   |- Guid:266836F144FA2767EA2991A084FC7C51 NativeClass:/Script/Engine.StaticMeshActor Name:StaticMeshActor_8 Label:SM_Cube6 SpatiallyLoaded:true EditorBounds:IsValid=true, Min=(X=2900.000 Y=100.000 Z=0.000), Max=(X=3000.000 Y=3400.000 Z=300.000) RuntimeBounds:IsValid=true, Min=(X=2900.000 Y=100.000 Z=0.000), Max=(X=3000.000 Y=3400.000 Z=300.000) RuntimeGrid:None EditorOnly:false RuntimeOnly:false HLODRelevant:true ListedInSceneOutliner:true IsMainWorldOnly:false FolderPath:Playground FolderGuid:CDC3EA2D424DF73175D386948543BF31
 |   |   |- Guid:30F9EA0A42A46C2B6B677A976BE5191B NativeClass:/Script/Engine.StaticMeshActor Name:StaticMeshActor_UAID_D843AE9835D68FCD02_1972089155 Label:SM_Cube4 SpatiallyLoaded:true EditorBounds:IsValid=true, Min=(X=0.000 Y=0.000 Z=300.000), Max=(X=3000.000 Y=3200.000 Z=350.000) RuntimeBounds:IsValid=true, Min=(X=0.000 Y=0.000 Z=300.000), Max=(X=3000.000 Y=3200.000 Z=350.000) RuntimeGrid:None EditorOnly:false RuntimeOnly:false HLODRelevant:true ListedInSceneOutliner:true IsMainWorldOnly:false FolderPath:Playground FolderGuid:CDC3EA2D424DF73175D386948543BF31
 |   |   |- Guid:31A2E5F7446E6B65031AECACAB939DBA NativeClass:/Script/Engine.StaticMeshActor Name:StaticMeshActor_UAID_D843AE9835D68FCD02_1637349148 Label:Wall_400x205 SpatiallyLoaded:true EditorBounds:IsValid=true, Min=(X=680.000 Y=610.000 Z=0.000), Max=(X=700.000 Y=850.000 Z=300.000) RuntimeBounds:IsValid=true, Min=(X=680.000 Y=610.000 Z=0.000), Max=(X=700.000 Y=850.000 Z=300.000) RuntimeGrid:None EditorOnly:false RuntimeOnly:false HLODRelevant:true ListedInSceneOutliner:true IsMainWorldOnly:false FolderPath:Playground FolderGuid:CDC3EA2D424DF73175D386948543BF31
 |   |   |- Guid:36DA8D2C4B2585DD71BFF583CFB51CFA NativeClass:/Script/Engine.TextRenderActor Name:TextRenderActor_0 Label:TextRenderActor SpatiallyLoaded:true EditorBounds:IsValid=true, Min=(X=-0.100 Y=1100.000 Z=65.013), Max=(X=-0.100 Y=2363.461 Z=215.013) RuntimeBounds:IsValid=true, Min=(X=-0.100 Y=1100.000 Z=65.013), Max=(X=-0.100 Y=2363.461 Z=215.013) RuntimeGrid:None EditorOnly:false RuntimeOnly:false HLODRelevant:false ListedInSceneOutliner:true IsMainWorldOnly:false
 |   |   |- Guid:52E74DF94E9EECAF9464C1BCB5227CCC NativeClass:/Script/Engine.StaticMeshActor Name:StaticMeshActor_3 Label:SM_Cube3 SpatiallyLoaded:true EditorBounds:IsValid=true, Min=(X=0.000 Y=3400.000 Z=0.000), Max=(X=3000.000 Y=3500.000 Z=300.000) RuntimeBounds:IsValid=true, Min=(X=0.000 Y=3400.000 Z=0.000), Max=(X=3000.000 Y=3500.000 Z=300.000) RuntimeGrid:None EditorOnly:false RuntimeOnly:false HLODRelevant:true ListedInSceneOutliner:true IsMainWorldOnly:false FolderPath:Playground FolderGuid:CDC3EA2D424DF73175D386948543BF31
 |   |   |- Guid:616554B84D9AF28DF69ABD8837FD26D7 NativeClass:/Script/Engine.ExponentialHeightFog Name:ExponentialHeightFog_0 Label:ExponentialHeightFog SpatiallyLoaded:false EditorBounds:IsValid=true, Min=(X=-5600.000 Y=-50.000 Z=-6850.000), Max=(X=-5600.000 Y=-50.000 Z=-6850.000) RuntimeBounds:IsValid=true, Min=(X=-5600.000 Y=-50.000 Z=-6850.000), Max=(X=-5600.000 Y=-50.000 Z=-6850.000) RuntimeGrid:None EditorOnly:false RuntimeOnly:false HLODRelevant:false ListedInSceneOutliner:true IsMainWorldOnly:false FolderPath:Lighting FolderGuid:D9E1224C415FCB205E4105B3245ADAAB
 |   |   |- Guid:6456ADDD428A590141FABFB9484712AA NativeClass:/Script/Engine.PostProcessVolume Name:PostProcessVolume_0 Label:PostProcessVolume SpatiallyLoaded:false EditorBounds:IsValid=true, Min=(X=0.000 Y=0.000 Z=400.000), Max=(X=200.000 Y=200.000 Z=600.000) RuntimeBounds:IsValid=true, Min=(X=0.000 Y=0.000 Z=400.000), Max=(X=200.000 Y=200.000 Z=600.000) RuntimeGrid:None EditorOnly:false RuntimeOnly:false HLODRelevant:false ListedInSceneOutliner:true IsMainWorldOnly:false FolderPath:Lighting FolderGuid:D9E1224C415FCB205E4105B3245ADAAB
 |   |   |- Guid:6B6929734ED6012CCD634E9D7D69C1B1 NativeClass:/Script/Engine.StaticMeshActor Name:StaticMeshActor_UAID_D843AE9835D68FCD02_1823787153 Label:Wall_400x210 SpatiallyLoaded:true EditorBounds:IsValid=true, Min=(X=710.000 Y=1040.000 Z=0.000), Max=(X=1510.000 Y=1060.000 Z=300.000) RuntimeBounds:IsValid=true, Min=(X=710.000 Y=1040.000 Z=0.000), Max=(X=1510.000 Y=1060.000 Z=300.000) RuntimeGrid:None EditorOnly:false RuntimeOnly:false HLODRelevant:true ListedInSceneOutliner:true IsMainWorldOnly:false FolderPath:Playground FolderGuid:CDC3EA2D424DF73175D386948543BF31
 |   |   |- Guid:6B9E7BCA4CE64FC1DF6C0CB79DEC2022 NativeClass:/Script/Engine.StaticMeshActor Name:StaticMeshActor_UAID_D843AE9835D68FCD02_1851076154 Label:Wall_400x211 SpatiallyLoaded:true EditorBounds:IsValid=true, Min=(X=690.000 Y=1040.000 Z=0.000), Max=(X=710.000 Y=2240.000 Z=300.000) RuntimeBounds:IsValid=true, Min=(X=690.000 Y=1040.000 Z=0.000), Max=(X=710.000 Y=2240.000 Z=300.000) RuntimeGrid:None EditorOnly:false RuntimeOnly:false HLODRelevant:true ListedInSceneOutliner:true IsMainWorldOnly:false FolderPath:Playground FolderGuid:CDC3EA2D424DF73175D386948543BF31
 |   |   |- Guid:730AF0734C28DD0FB0A33E8BEDB422C7 NativeClass:/Script/Engine.StaticMeshActor Name:StaticMeshActor_UAID_D843AE9835D68FCD02_1579812146 Label:Wall_400x203 SpatiallyLoaded:true EditorBounds:IsValid=true, Min=(X=1280.000 Y=430.000 Z=0.000), Max=(X=1300.000 Y=830.000 Z=300.000) RuntimeBounds:IsValid=true, Min=(X=1280.000 Y=430.000 Z=0.000), Max=(X=1300.000 Y=830.000 Z=300.000) RuntimeGrid:None EditorOnly:false RuntimeOnly:false HLODRelevant:true ListedInSceneOutliner:true IsMainWorldOnly:false FolderPath:Playground FolderGuid:CDC3EA2D424DF73175D386948543BF31
 |   |   |- Guid:75854521468783C291995A8EFCB63F1B NativeClass:/Script/Engine.StaticMeshActor Name:StaticMeshActor_7 Label:SM_Cube5 SpatiallyLoaded:true EditorBounds:IsValid=true, Min=(X=-0.000 Y=100.000 Z=0.000), Max=(X=100.000 Y=3400.000 Z=300.000) RuntimeBounds:IsValid=true, Min=(X=-0.000 Y=100.000 Z=0.000), Max=(X=100.000 Y=3400.000 Z=300.000) RuntimeGrid:None EditorOnly:false RuntimeOnly:false HLODRelevant:true ListedInSceneOutliner:true IsMainWorldOnly:false FolderPath:Playground FolderGuid:CDC3EA2D424DF73175D386948543BF31
 |   |   |- Guid:79CCE01D460DD8C19ED5889AF0A3950D NativeClass:/Script/Engine.StaticMeshActor Name:StaticMeshActor_UAID_D843AE9835D68FCD02_1532296145 Label:Wall_400x202 SpatiallyLoaded:true EditorBounds:IsValid=true, Min=(X=1510.000 Y=430.000 Z=0.000), Max=(X=1530.000 Y=1630.000 Z=300.000) RuntimeBounds:IsValid=true, Min=(X=1510.000 Y=430.000 Z=0.000), Max=(X=1530.000 Y=1630.000 Z=300.000) RuntimeGrid:None EditorOnly:false RuntimeOnly:false HLODRelevant:true ListedInSceneOutliner:true IsMainWorldOnly:false FolderPath:Playground FolderGuid:CDC3EA2D424DF73175D386948543BF31
 |   |   |- Guid:7A699BF944F9DAC273FB4FAD2236D7F8 NativeClass:/Script/Engine.SkyLight Name:SkyLight_0 Label:SkyLight SpatiallyLoaded:false EditorBounds:IsValid=true, Min=(X=0.000 Y=0.000 Z=690.000), Max=(X=0.000 Y=0.000 Z=690.000) RuntimeBounds:IsValid=true, Min=(X=0.000 Y=0.000 Z=690.000), Max=(X=0.000 Y=0.000 Z=690.000) RuntimeGrid:None EditorOnly:false RuntimeOnly:false HLODRelevant:false ListedInSceneOutliner:true IsMainWorldOnly:false FolderPath:Lighting FolderGuid:D9E1224C415FCB205E4105B3245ADAAB
 |   |   |- Guid:899E26A1454308C621286EA60ECB88C6 NativeClass:/Script/Engine.StaticMeshActor Name:StaticMeshActor_UAID_D843AE9835D68FCD02_1413243143 Label:Wall_400x200 SpatiallyLoaded:true EditorBounds:IsValid=true, Min=(X=100.000 Y=410.000 Z=0.000), Max=(X=1300.000 Y=430.000 Z=300.000) RuntimeBounds:IsValid=true, Min=(X=100.000 Y=410.000 Z=0.000), Max=(X=1300.000 Y=430.000 Z=300.000) RuntimeGrid:None EditorOnly:false RuntimeOnly:false HLODRelevant:true ListedInSceneOutliner:true IsMainWorldOnly:false FolderPath:Playground FolderGuid:CDC3EA2D424DF73175D386948543BF31
 |   |   |- Guid:97FF78FB4EC8F13EF6751DB180B1CE46 NativeClass:/Script/Engine.DirectionalLight Name:DirectionalLight_0 Label:DirectionalLight SpatiallyLoaded:false EditorBounds:IsValid=true, Min=(X=-1048576.000 Y=-1048576.000 Z=-1048576.000), Max=(X=1048576.000 Y=1048576.000 Z=1048576.000) RuntimeBounds:IsValid=true, Min=(X=-1048576.000 Y=-1048576.000 Z=-1048576.000), Max=(X=1048576.000 Y=1048576.000 Z=1048576.000) RuntimeGrid:None EditorOnly:false RuntimeOnly:false HLODRelevant:false ListedInSceneOutliner:true IsMainWorldOnly:false FolderPath:Lighting FolderGuid:D9E1224C415FCB205E4105B3245ADAAB
 |   |   |- Guid:9A39EDC343C77468C5DF1A8AAB2BE1AD NativeClass:/Script/Engine.StaticMeshActor Name:StaticMeshActor_34 Label:SM_Ramp4 SpatiallyLoaded:true EditorBounds:IsValid=true, Min=(X=2400.000 Y=3200.000 Z=0.000), Max=(X=2900.000 Y=3400.000 Z=300.000) RuntimeBounds:IsValid=true, Min=(X=2400.000 Y=3200.000 Z=0.000), Max=(X=2900.000 Y=3400.000 Z=300.000) RuntimeGrid:None EditorOnly:false RuntimeOnly:false HLODRelevant:true ListedInSceneOutliner:true IsMainWorldOnly:false FolderPath:Block04 FolderGuid:1671883140CA233343B73BBD9D365381
 |   |   |- Guid:9FC0E5A04B5C426BD8398396952183D3 NativeClass:/Script/Engine.StaticMeshActor Name:StaticMeshActor_0 Label:SM_Cube SpatiallyLoaded:true EditorBounds:IsValid=true, Min=(X=0.000 Y=0.000 Z=-50.000), Max=(X=3000.000 Y=3500.000 Z=0.000) RuntimeBounds:IsValid=true, Min=(X=0.000 Y=0.000 Z=-50.000), Max=(X=3000.000 Y=3500.000 Z=0.000) RuntimeGrid:None EditorOnly:false RuntimeOnly:false HLODRelevant:true ListedInSceneOutliner:true IsMainWorldOnly:false FolderPath:Playground FolderGuid:CDC3EA2D424DF73175D386948543BF31
 |   |   |- Guid:A193674B480A39A47551D39FB4DFCD99 NativeClass:/Script/Engine.StaticMeshActor Name:StaticMeshActor_UAID_A4AE111137DC5FFB00_1159438599 Label:SM_SkySphere SpatiallyLoaded:false EditorBounds:IsValid=true, Min=(X=-1638400.000 Y=-1638400.000 Z=-1638400.000), Max=(X=1638400.000 Y=1638400.000 Z=1638400.000) RuntimeBounds:IsValid=true, Min=(X=-1638400.000 Y=-1638400.000 Z=-1638400.000), Max=(X=1638400.000 Y=1638400.000 Z=1638400.000) RuntimeGrid:None EditorOnly:false RuntimeOnly:false HLODRelevant:true ListedInSceneOutliner:true IsMainWorldOnly:false FolderPath:Lighting FolderGuid:D9E1224C415FCB205E4105B3245ADAAB
 |   |   |- Guid:A5FCDC664219DC8AAD6D739ADEF9C627 NativeClass:/Script/Engine.PlayerStart Name:PlayerStart_0 Label:PlayerStart SpatiallyLoaded:false EditorBounds:IsValid=true, Min=(X=152.000 Y=3162.000 Z=-35.987), Max=(X=520.000 Y=3418.000 Z=220.013) RuntimeBounds:IsValid=true, Min=(X=240.000 Y=3250.000 Z=0.013), Max=(X=320.000 Y=3330.000 Z=184.013) RuntimeGrid:None EditorOnly:false RuntimeOnly:false HLODRelevant:false ListedInSceneOutliner:true IsMainWorldOnly:false
 |   |   |- Guid:A73F29694BFFAD3E296E43895010A3E8 NativeClass:/Script/Engine.StaticMeshActor Name:StaticMeshActor_UAID_D843AE9835D68FCD02_1752449151 Label:Wall_400x208 SpatiallyLoaded:true EditorBounds:IsValid=true, Min=(X=300.000 Y=830.000 Z=0.000), Max=(X=500.000 Y=850.000 Z=300.000) RuntimeBounds:IsValid=true, Min=(X=300.000 Y=830.000 Z=0.000), Max=(X=500.000 Y=850.000 Z=300.000) RuntimeGrid:None EditorOnly:false RuntimeOnly:false HLODRelevant:true ListedInSceneOutliner:true IsMainWorldOnly:false FolderPath:Playground FolderGuid:CDC3EA2D424DF73175D386948543BF31
 |   |   |- Guid:AB3753BF46AE7D2F055CFB83763FDC1C NativeClass:/Script/Engine.StaticMeshActor Name:StaticMeshActor_UAID_D843AE9835D68FCD02_1506036144 Label:Wall_400x201 SpatiallyLoaded:true EditorBounds:IsValid=true, Min=(X=1510.000 Y=410.000 Z=0.000), Max=(X=2710.000 Y=430.000 Z=300.000) RuntimeBounds:IsValid=true, Min=(X=1510.000 Y=410.000 Z=0.000), Max=(X=2710.000 Y=430.000 Z=300.000) RuntimeGrid:None EditorOnly:false RuntimeOnly:false HLODRelevant:true ListedInSceneOutliner:true IsMainWorldOnly:false FolderPath:Playground FolderGuid:CDC3EA2D424DF73175D386948543BF31
 |   |   |- Guid:B326783D46A6A43F55CCC9AB2A4C1863 NativeClass:/Script/Engine.VolumetricCloud Name:VolumetricCloud_0 Label:VolumetricCloud SpatiallyLoaded:false EditorBounds:IsValid=true, Min=(X=0.000 Y=0.000 Z=820.000), Max=(X=0.000 Y=0.000 Z=820.000) RuntimeBounds:IsValid=true, Min=(X=0.000 Y=0.000 Z=820.000), Max=(X=0.000 Y=0.000 Z=820.000) RuntimeGrid:None EditorOnly:false RuntimeOnly:false HLODRelevant:false ListedInSceneOutliner:true IsMainWorldOnly:false FolderPath:Lighting FolderGuid:D9E1224C415FCB205E4105B3245ADAAB
 |   |   |- Guid:B7E8C6304B910CFC5716118480D89381 NativeClass:/Script/Engine.StaticMeshActor Name:StaticMeshActor_UAID_D843AE9835D68FCD02_1772991152 Label:Wall_400x209 SpatiallyLoaded:true EditorBounds:IsValid=true, Min=(X=500.000 Y=430.000 Z=0.000), Max=(X=520.000 Y=850.000 Z=300.000) RuntimeBounds:IsValid=true, Min=(X=500.000 Y=430.000 Z=0.000), Max=(X=520.000 Y=850.000 Z=300.000) RuntimeGrid:None EditorOnly:false RuntimeOnly:false HLODRelevant:true ListedInSceneOutliner:true IsMainWorldOnly:false FolderPath:Playground FolderGuid:CDC3EA2D424DF73175D386948543BF31
 |   |   |- Guid:C99B0E4C4DBF7F07D1148CB52E3F4622 NativeClass:/Script/Engine.StaticMeshActor Name:StaticMeshActor_UAID_D843AE9835D68FCD02_1694613150 Label:Wall_400x207 SpatiallyLoaded:true EditorBounds:IsValid=true, Min=(X=700.000 Y=610.000 Z=0.000), Max=(X=1100.000 Y=630.000 Z=300.000) RuntimeBounds:IsValid=true, Min=(X=700.000 Y=610.000 Z=0.000), Max=(X=1100.000 Y=630.000 Z=300.000) RuntimeGrid:None EditorOnly:false RuntimeOnly:false HLODRelevant:true ListedInSceneOutliner:true IsMainWorldOnly:false FolderPath:Playground FolderGuid:CDC3EA2D424DF73175D386948543BF31
 |   |   |- Guid:CA7B38C54E7054AB4B14A6B4304AC9A6 NativeClass:/Script/Engine.StaticMeshActor Name:StaticMeshActor_UAID_D843AE9835D68FCD02_1671598149 Label:Wall_400x206 SpatiallyLoaded:true EditorBounds:IsValid=true, Min=(X=2690.000 Y=430.000 Z=0.000), Max=(X=2710.000 Y=1630.000 Z=300.000) RuntimeBounds:IsValid=true, Min=(X=2690.000 Y=430.000 Z=0.000), Max=(X=2710.000 Y=1630.000 Z=300.000) RuntimeGrid:None EditorOnly:false RuntimeOnly:false HLODRelevant:true ListedInSceneOutliner:true IsMainWorldOnly:false FolderPath:Playground FolderGuid:CDC3EA2D424DF73175D386948543BF31
 |   |   |- Guid:CDC290334FAA2557343A1181CA8C7F4B NativeClass:/Script/Engine.StaticMeshActor Name:StaticMeshActor_2 Label:SM_Cube2 SpatiallyLoaded:true EditorBounds:IsValid=true, Min=(X=0.000 Y=0.000 Z=0.000), Max=(X=3000.000 Y=100.000 Z=300.000) RuntimeBounds:IsValid=true, Min=(X=0.000 Y=0.000 Z=0.000), Max=(X=3000.000 Y=100.000 Z=300.000) RuntimeGrid:None EditorOnly:false RuntimeOnly:false HLODRelevant:true ListedInSceneOutliner:true IsMainWorldOnly:false FolderPath:Playground FolderGuid:CDC3EA2D424DF73175D386948543BF31
 |   |- [+] Clusters:
 |   |   |- [+] [  0]
 |   |   |   |- Guid:1102CDC042105C46336EC8955991F478 NativeClass:/Script/Engine.StaticMeshActor Name:StaticMeshActor_UAID_D843AE9835D690CD02_1077430332 Label:SM_Cube7 SpatiallyLoaded:true EditorBounds:IsValid=true, Min=(X=0.000 Y=3200.000 Z=300.000), Max=(X=2500.000 Y=3500.000 Z=350.000) RuntimeBounds:IsValid=true, Min=(X=0.000 Y=3200.000 Z=300.000), Max=(X=2500.000 Y=3500.000 Z=350.000) RuntimeGrid:None EditorOnly:false RuntimeOnly:false HLODRelevant:true ListedInSceneOutliner:true IsMainWorldOnly:false FolderPath:Playground FolderGuid:CDC3EA2D424DF73175D386948543BF31
 |   |   |- [+] [  1]
 |   |   |   |- Guid:13F40C7241F9A80D3E971DBC21FCAFB0 NativeClass:/Script/Engine.SkyAtmosphere Name:SkyAtmosphere_0 Label:SkyAtmosphere SpatiallyLoaded:false EditorBounds:IsValid=true, Min=(X=0.000 Y=0.000 Z=1020.000), Max=(X=0.000 Y=0.000 Z=1020.000) RuntimeBounds:IsValid=true, Min=(X=0.000 Y=0.000 Z=1020.000), Max=(X=0.000 Y=0.000 Z=1020.000) RuntimeGrid:None EditorOnly:false RuntimeOnly:false HLODRelevant:false ListedInSceneOutliner:true IsMainWorldOnly:false FolderPath:Lighting FolderGuid:D9E1224C415FCB205E4105B3245ADAAB
 |   |   |- [+] [  2]
 |   |   |   |- Guid:1F9EE9F9412F46F834B89E8755AA7A68 NativeClass:/Script/Engine.StaticMeshActor Name:StaticMeshActor_UAID_D843AE9835D68FCD02_1614363147 Label:Wall_400x204 SpatiallyLoaded:true EditorBounds:IsValid=true, Min=(X=700.000 Y=830.000 Z=0.000), Max=(X=1300.000 Y=850.000 Z=300.000) RuntimeBounds:IsValid=true, Min=(X=700.000 Y=830.000 Z=0.000), Max=(X=1300.000 Y=850.000 Z=300.000) RuntimeGrid:None EditorOnly:false RuntimeOnly:false HLODRelevant:true ListedInSceneOutliner:true IsMainWorldOnly:false FolderPath:Playground FolderGuid:CDC3EA2D424DF73175D386948543BF31
 |   |   |- [+] [  3]
 |   |   |   |- Guid:22C4F1724348A3818BBA0A939CA01B63 NativeClass:/Script/Engine.WorldDataLayers Name:WorldDataLayers Label:WorldDataLayers-1 SpatiallyLoaded:false EditorBounds:IsValid=true, Min=(X=0.000 Y=0.000 Z=0.000), Max=(X=0.000 Y=0.000 Z=0.000) RuntimeBounds:IsValid=true, Min=(X=0.000 Y=0.000 Z=0.000), Max=(X=0.000 Y=0.000 Z=0.000) RuntimeGrid:None EditorOnly:false RuntimeOnly:false HLODRelevant:false ListedInSceneOutliner:true IsMainWorldOnly:true
 |   |   |- [+] [  4]
 |   |   |   |- Guid:266836F144FA2767EA2991A084FC7C51 NativeClass:/Script/Engine.StaticMeshActor Name:StaticMeshActor_8 Label:SM_Cube6 SpatiallyLoaded:true EditorBounds:IsValid=true, Min=(X=2900.000 Y=100.000 Z=0.000), Max=(X=3000.000 Y=3400.000 Z=300.000) RuntimeBounds:IsValid=true, Min=(X=2900.000 Y=100.000 Z=0.000), Max=(X=3000.000 Y=3400.000 Z=300.000) RuntimeGrid:None EditorOnly:false RuntimeOnly:false HLODRelevant:true ListedInSceneOutliner:true IsMainWorldOnly:false FolderPath:Playground FolderGuid:CDC3EA2D424DF73175D386948543BF31
 |   |   |- [+] [  5]
 |   |   |   |- Guid:30F9EA0A42A46C2B6B677A976BE5191B NativeClass:/Script/Engine.StaticMeshActor Name:StaticMeshActor_UAID_D843AE9835D68FCD02_1972089155 Label:SM_Cube4 SpatiallyLoaded:true EditorBounds:IsValid=true, Min=(X=0.000 Y=0.000 Z=300.000), Max=(X=3000.000 Y=3200.000 Z=350.000) RuntimeBounds:IsValid=true, Min=(X=0.000 Y=0.000 Z=300.000), Max=(X=3000.000 Y=3200.000 Z=350.000) RuntimeGrid:None EditorOnly:false RuntimeOnly:false HLODRelevant:true ListedInSceneOutliner:true IsMainWorldOnly:false FolderPath:Playground FolderGuid:CDC3EA2D424DF73175D386948543BF31
 |   |   |- [+] [  6]
 |   |   |   |- Guid:31A2E5F7446E6B65031AECACAB939DBA NativeClass:/Script/Engine.StaticMeshActor Name:StaticMeshActor_UAID_D843AE9835D68FCD02_1637349148 Label:Wall_400x205 SpatiallyLoaded:true EditorBounds:IsValid=true, Min=(X=680.000 Y=610.000 Z=0.000), Max=(X=700.000 Y=850.000 Z=300.000) RuntimeBounds:IsValid=true, Min=(X=680.000 Y=610.000 Z=0.000), Max=(X=700.000 Y=850.000 Z=300.000) RuntimeGrid:None EditorOnly:false RuntimeOnly:false HLODRelevant:true ListedInSceneOutliner:true IsMainWorldOnly:false FolderPath:Playground FolderGuid:CDC3EA2D424DF73175D386948543BF31
 |   |   |- [+] [  7]
 |   |   |   |- Guid:36DA8D2C4B2585DD71BFF583CFB51CFA NativeClass:/Script/Engine.TextRenderActor Name:TextRenderActor_0 Label:TextRenderActor SpatiallyLoaded:true EditorBounds:IsValid=true, Min=(X=-0.100 Y=1100.000 Z=65.013), Max=(X=-0.100 Y=2363.461 Z=215.013) RuntimeBounds:IsValid=true, Min=(X=-0.100 Y=1100.000 Z=65.013), Max=(X=-0.100 Y=2363.461 Z=215.013) RuntimeGrid:None EditorOnly:false RuntimeOnly:false HLODRelevant:false ListedInSceneOutliner:true IsMainWorldOnly:false
 |   |   |- [+] [  8]
 |   |   |   |- Guid:52E74DF94E9EECAF9464C1BCB5227CCC NativeClass:/Script/Engine.StaticMeshActor Name:StaticMeshActor_3 Label:SM_Cube3 SpatiallyLoaded:true EditorBounds:IsValid=true, Min=(X=0.000 Y=3400.000 Z=0.000), Max=(X=3000.000 Y=3500.000 Z=300.000) RuntimeBounds:IsValid=true, Min=(X=0.000 Y=3400.000 Z=0.000), Max=(X=3000.000 Y=3500.000 Z=300.000) RuntimeGrid:None EditorOnly:false RuntimeOnly:false HLODRelevant:true ListedInSceneOutliner:true IsMainWorldOnly:false FolderPath:Playground FolderGuid:CDC3EA2D424DF73175D386948543BF31
 |   |   |- [+] [  9]
 |   |   |   |- Guid:616554B84D9AF28DF69ABD8837FD26D7 NativeClass:/Script/Engine.ExponentialHeightFog Name:ExponentialHeightFog_0 Label:ExponentialHeightFog SpatiallyLoaded:false EditorBounds:IsValid=true, Min=(X=-5600.000 Y=-50.000 Z=-6850.000), Max=(X=-5600.000 Y=-50.000 Z=-6850.000) RuntimeBounds:IsValid=true, Min=(X=-5600.000 Y=-50.000 Z=-6850.000), Max=(X=-5600.000 Y=-50.000 Z=-6850.000) RuntimeGrid:None EditorOnly:false RuntimeOnly:false HLODRelevant:false ListedInSceneOutliner:true IsMainWorldOnly:false FolderPath:Lighting FolderGuid:D9E1224C415FCB205E4105B3245ADAAB
 |   |   |- [+] [ 10]
 |   |   |   |- Guid:6456ADDD428A590141FABFB9484712AA NativeClass:/Script/Engine.PostProcessVolume Name:PostProcessVolume_0 Label:PostProcessVolume SpatiallyLoaded:false EditorBounds:IsValid=true, Min=(X=0.000 Y=0.000 Z=400.000), Max=(X=200.000 Y=200.000 Z=600.000) RuntimeBounds:IsValid=true, Min=(X=0.000 Y=0.000 Z=400.000), Max=(X=200.000 Y=200.000 Z=600.000) RuntimeGrid:None EditorOnly:false RuntimeOnly:false HLODRelevant:false ListedInSceneOutliner:true IsMainWorldOnly:false FolderPath:Lighting FolderGuid:D9E1224C415FCB205E4105B3245ADAAB
 |   |   |- [+] [ 11]
 |   |   |   |- Guid:6B6929734ED6012CCD634E9D7D69C1B1 NativeClass:/Script/Engine.StaticMeshActor Name:StaticMeshActor_UAID_D843AE9835D68FCD02_1823787153 Label:Wall_400x210 SpatiallyLoaded:true EditorBounds:IsValid=true, Min=(X=710.000 Y=1040.000 Z=0.000), Max=(X=1510.000 Y=1060.000 Z=300.000) RuntimeBounds:IsValid=true, Min=(X=710.000 Y=1040.000 Z=0.000), Max=(X=1510.000 Y=1060.000 Z=300.000) RuntimeGrid:None EditorOnly:false RuntimeOnly:false HLODRelevant:true ListedInSceneOutliner:true IsMainWorldOnly:false FolderPath:Playground FolderGuid:CDC3EA2D424DF73175D386948543BF31
 |   |   |- [+] [ 12]
 |   |   |   |- Guid:6B9E7BCA4CE64FC1DF6C0CB79DEC2022 NativeClass:/Script/Engine.StaticMeshActor Name:StaticMeshActor_UAID_D843AE9835D68FCD02_1851076154 Label:Wall_400x211 SpatiallyLoaded:true EditorBounds:IsValid=true, Min=(X=690.000 Y=1040.000 Z=0.000), Max=(X=710.000 Y=2240.000 Z=300.000) RuntimeBounds:IsValid=true, Min=(X=690.000 Y=1040.000 Z=0.000), Max=(X=710.000 Y=2240.000 Z=300.000) RuntimeGrid:None EditorOnly:false RuntimeOnly:false HLODRelevant:true ListedInSceneOutliner:true IsMainWorldOnly:false FolderPath:Playground FolderGuid:CDC3EA2D424DF73175D386948543BF31
 |   |   |- [+] [ 13]
 |   |   |   |- Guid:730AF0734C28DD0FB0A33E8BEDB422C7 NativeClass:/Script/Engine.StaticMeshActor Name:StaticMeshActor_UAID_D843AE9835D68FCD02_1579812146 Label:Wall_400x203 SpatiallyLoaded:true EditorBounds:IsValid=true, Min=(X=1280.000 Y=430.000 Z=0.000), Max=(X=1300.000 Y=830.000 Z=300.000) RuntimeBounds:IsValid=true, Min=(X=1280.000 Y=430.000 Z=0.000), Max=(X=1300.000 Y=830.000 Z=300.000) RuntimeGrid:None EditorOnly:false RuntimeOnly:false HLODRelevant:true ListedInSceneOutliner:true IsMainWorldOnly:false FolderPath:Playground FolderGuid:CDC3EA2D424DF73175D386948543BF31
 |   |   |- [+] [ 14]
 |   |   |   |- Guid:75854521468783C291995A8EFCB63F1B NativeClass:/Script/Engine.StaticMeshActor Name:StaticMeshActor_7 Label:SM_Cube5 SpatiallyLoaded:true EditorBounds:IsValid=true, Min=(X=-0.000 Y=100.000 Z=0.000), Max=(X=100.000 Y=3400.000 Z=300.000) RuntimeBounds:IsValid=true, Min=(X=-0.000 Y=100.000 Z=0.000), Max=(X=100.000 Y=3400.000 Z=300.000) RuntimeGrid:None EditorOnly:false RuntimeOnly:false HLODRelevant:true ListedInSceneOutliner:true IsMainWorldOnly:false FolderPath:Playground FolderGuid:CDC3EA2D424DF73175D386948543BF31
 |   |   |- [+] [ 15]
 |   |   |   |- Guid:79CCE01D460DD8C19ED5889AF0A3950D NativeClass:/Script/Engine.StaticMeshActor Name:StaticMeshActor_UAID_D843AE9835D68FCD02_1532296145 Label:Wall_400x202 SpatiallyLoaded:true EditorBounds:IsValid=true, Min=(X=1510.000 Y=430.000 Z=0.000), Max=(X=1530.000 Y=1630.000 Z=300.000) RuntimeBounds:IsValid=true, Min=(X=1510.000 Y=430.000 Z=0.000), Max=(X=1530.000 Y=1630.000 Z=300.000) RuntimeGrid:None EditorOnly:false RuntimeOnly:false HLODRelevant:true ListedInSceneOutliner:true IsMainWorldOnly:false FolderPath:Playground FolderGuid:CDC3EA2D424DF73175D386948543BF31
 |   |   |- [+] [ 16]
 |   |   |   |- Guid:7A699BF944F9DAC273FB4FAD2236D7F8 NativeClass:/Script/Engine.SkyLight Name:SkyLight_0 Label:SkyLight SpatiallyLoaded:false EditorBounds:IsValid=true, Min=(X=0.000 Y=0.000 Z=690.000), Max=(X=0.000 Y=0.000 Z=690.000) RuntimeBounds:IsValid=true, Min=(X=0.000 Y=0.000 Z=690.000), Max=(X=0.000 Y=0.000 Z=690.000) RuntimeGrid:None EditorOnly:false RuntimeOnly:false HLODRelevant:false ListedInSceneOutliner:true IsMainWorldOnly:false FolderPath:Lighting FolderGuid:D9E1224C415FCB205E4105B3245ADAAB
 |   |   |- [+] [ 17]
 |   |   |   |- Guid:899E26A1454308C621286EA60ECB88C6 NativeClass:/Script/Engine.StaticMeshActor Name:StaticMeshActor_UAID_D843AE9835D68FCD02_1413243143 Label:Wall_400x200 SpatiallyLoaded:true EditorBounds:IsValid=true, Min=(X=100.000 Y=410.000 Z=0.000), Max=(X=1300.000 Y=430.000 Z=300.000) RuntimeBounds:IsValid=true, Min=(X=100.000 Y=410.000 Z=0.000), Max=(X=1300.000 Y=430.000 Z=300.000) RuntimeGrid:None EditorOnly:false RuntimeOnly:false HLODRelevant:true ListedInSceneOutliner:true IsMainWorldOnly:false FolderPath:Playground FolderGuid:CDC3EA2D424DF73175D386948543BF31
 |   |   |- [+] [ 18]
 |   |   |   |- Guid:97FF78FB4EC8F13EF6751DB180B1CE46 NativeClass:/Script/Engine.DirectionalLight Name:DirectionalLight_0 Label:DirectionalLight SpatiallyLoaded:false EditorBounds:IsValid=true, Min=(X=-1048576.000 Y=-1048576.000 Z=-1048576.000), Max=(X=1048576.000 Y=1048576.000 Z=1048576.000) RuntimeBounds:IsValid=true, Min=(X=-1048576.000 Y=-1048576.000 Z=-1048576.000), Max=(X=1048576.000 Y=1048576.000 Z=1048576.000) RuntimeGrid:None EditorOnly:false RuntimeOnly:false HLODRelevant:false ListedInSceneOutliner:true IsMainWorldOnly:false FolderPath:Lighting FolderGuid:D9E1224C415FCB205E4105B3245ADAAB
 |   |   |- [+] [ 19]
 |   |   |   |- Guid:9A39EDC343C77468C5DF1A8AAB2BE1AD NativeClass:/Script/Engine.StaticMeshActor Name:StaticMeshActor_34 Label:SM_Ramp4 SpatiallyLoaded:true EditorBounds:IsValid=true, Min=(X=2400.000 Y=3200.000 Z=0.000), Max=(X=2900.000 Y=3400.000 Z=300.000) RuntimeBounds:IsValid=true, Min=(X=2400.000 Y=3200.000 Z=0.000), Max=(X=2900.000 Y=3400.000 Z=300.000) RuntimeGrid:None EditorOnly:false RuntimeOnly:false HLODRelevant:true ListedInSceneOutliner:true IsMainWorldOnly:false FolderPath:Block04 FolderGuid:1671883140CA233343B73BBD9D365381
 |   |   |- [+] [ 20]
 |   |   |   |- Guid:9FC0E5A04B5C426BD8398396952183D3 NativeClass:/Script/Engine.StaticMeshActor Name:StaticMeshActor_0 Label:SM_Cube SpatiallyLoaded:true EditorBounds:IsValid=true, Min=(X=0.000 Y=0.000 Z=-50.000), Max=(X=3000.000 Y=3500.000 Z=0.000) RuntimeBounds:IsValid=true, Min=(X=0.000 Y=0.000 Z=-50.000), Max=(X=3000.000 Y=3500.000 Z=0.000) RuntimeGrid:None EditorOnly:false RuntimeOnly:false HLODRelevant:true ListedInSceneOutliner:true IsMainWorldOnly:false FolderPath:Playground FolderGuid:CDC3EA2D424DF73175D386948543BF31
 |   |   |- [+] [ 21]
 |   |   |   |- Guid:A193674B480A39A47551D39FB4DFCD99 NativeClass:/Script/Engine.StaticMeshActor Name:StaticMeshActor_UAID_A4AE111137DC5FFB00_1159438599 Label:SM_SkySphere SpatiallyLoaded:false EditorBounds:IsValid=true, Min=(X=-1638400.000 Y=-1638400.000 Z=-1638400.000), Max=(X=1638400.000 Y=1638400.000 Z=1638400.000) RuntimeBounds:IsValid=true, Min=(X=-1638400.000 Y=-1638400.000 Z=-1638400.000), Max=(X=1638400.000 Y=1638400.000 Z=1638400.000) RuntimeGrid:None EditorOnly:false RuntimeOnly:false HLODRelevant:true ListedInSceneOutliner:true IsMainWorldOnly:false FolderPath:Lighting FolderGuid:D9E1224C415FCB205E4105B3245ADAAB
 |   |   |- [+] [ 22]
 |   |   |   |- Guid:A5FCDC664219DC8AAD6D739ADEF9C627 NativeClass:/Script/Engine.PlayerStart Name:PlayerStart_0 Label:PlayerStart SpatiallyLoaded:false EditorBounds:IsValid=true, Min=(X=152.000 Y=3162.000 Z=-35.987), Max=(X=520.000 Y=3418.000 Z=220.013) RuntimeBounds:IsValid=true, Min=(X=240.000 Y=3250.000 Z=0.013), Max=(X=320.000 Y=3330.000 Z=184.013) RuntimeGrid:None EditorOnly:false RuntimeOnly:false HLODRelevant:false ListedInSceneOutliner:true IsMainWorldOnly:false
 |   |   |- [+] [ 23]
 |   |   |   |- Guid:A73F29694BFFAD3E296E43895010A3E8 NativeClass:/Script/Engine.StaticMeshActor Name:StaticMeshActor_UAID_D843AE9835D68FCD02_1752449151 Label:Wall_400x208 SpatiallyLoaded:true EditorBounds:IsValid=true, Min=(X=300.000 Y=830.000 Z=0.000), Max=(X=500.000 Y=850.000 Z=300.000) RuntimeBounds:IsValid=true, Min=(X=300.000 Y=830.000 Z=0.000), Max=(X=500.000 Y=850.000 Z=300.000) RuntimeGrid:None EditorOnly:false RuntimeOnly:false HLODRelevant:true ListedInSceneOutliner:true IsMainWorldOnly:false FolderPath:Playground FolderGuid:CDC3EA2D424DF73175D386948543BF31
 |   |   |- [+] [ 24]
 |   |   |   |- Guid:AB3753BF46AE7D2F055CFB83763FDC1C NativeClass:/Script/Engine.StaticMeshActor Name:StaticMeshActor_UAID_D843AE9835D68FCD02_1506036144 Label:Wall_400x201 SpatiallyLoaded:true EditorBounds:IsValid=true, Min=(X=1510.000 Y=410.000 Z=0.000), Max=(X=2710.000 Y=430.000 Z=300.000) RuntimeBounds:IsValid=true, Min=(X=1510.000 Y=410.000 Z=0.000), Max=(X=2710.000 Y=430.000 Z=300.000) RuntimeGrid:None EditorOnly:false RuntimeOnly:false HLODRelevant:true ListedInSceneOutliner:true IsMainWorldOnly:false FolderPath:Playground FolderGuid:CDC3EA2D424DF73175D386948543BF31
 |   |   |- [+] [ 25]
 |   |   |   |- Guid:B326783D46A6A43F55CCC9AB2A4C1863 NativeClass:/Script/Engine.VolumetricCloud Name:VolumetricCloud_0 Label:VolumetricCloud SpatiallyLoaded:false EditorBounds:IsValid=true, Min=(X=0.000 Y=0.000 Z=820.000), Max=(X=0.000 Y=0.000 Z=820.000) RuntimeBounds:IsValid=true, Min=(X=0.000 Y=0.000 Z=820.000), Max=(X=0.000 Y=0.000 Z=820.000) RuntimeGrid:None EditorOnly:false RuntimeOnly:false HLODRelevant:false ListedInSceneOutliner:true IsMainWorldOnly:false FolderPath:Lighting FolderGuid:D9E1224C415FCB205E4105B3245ADAAB
 |   |   |- [+] [ 26]
 |   |   |   |- Guid:B7E8C6304B910CFC5716118480D89381 NativeClass:/Script/Engine.StaticMeshActor Name:StaticMeshActor_UAID_D843AE9835D68FCD02_1772991152 Label:Wall_400x209 SpatiallyLoaded:true EditorBounds:IsValid=true, Min=(X=500.000 Y=430.000 Z=0.000), Max=(X=520.000 Y=850.000 Z=300.000) RuntimeBounds:IsValid=true, Min=(X=500.000 Y=430.000 Z=0.000), Max=(X=520.000 Y=850.000 Z=300.000) RuntimeGrid:None EditorOnly:false RuntimeOnly:false HLODRelevant:true ListedInSceneOutliner:true IsMainWorldOnly:false FolderPath:Playground FolderGuid:CDC3EA2D424DF73175D386948543BF31
 |   |   |- [+] [ 27]
 |   |   |   |- Guid:C99B0E4C4DBF7F07D1148CB52E3F4622 NativeClass:/Script/Engine.StaticMeshActor Name:StaticMeshActor_UAID_D843AE9835D68FCD02_1694613150 Label:Wall_400x207 SpatiallyLoaded:true EditorBounds:IsValid=true, Min=(X=700.000 Y=610.000 Z=0.000), Max=(X=1100.000 Y=630.000 Z=300.000) RuntimeBounds:IsValid=true, Min=(X=700.000 Y=610.000 Z=0.000), Max=(X=1100.000 Y=630.000 Z=300.000) RuntimeGrid:None EditorOnly:false RuntimeOnly:false HLODRelevant:true ListedInSceneOutliner:true IsMainWorldOnly:false FolderPath:Playground FolderGuid:CDC3EA2D424DF73175D386948543BF31
 |   |   |- [+] [ 28]
 |   |   |   |- Guid:CA7B38C54E7054AB4B14A6B4304AC9A6 NativeClass:/Script/Engine.StaticMeshActor Name:StaticMeshActor_UAID_D843AE9835D68FCD02_1671598149 Label:Wall_400x206 SpatiallyLoaded:true EditorBounds:IsValid=true, Min=(X=2690.000 Y=430.000 Z=0.000), Max=(X=2710.000 Y=1630.000 Z=300.000) RuntimeBounds:IsValid=true, Min=(X=2690.000 Y=430.000 Z=0.000), Max=(X=2710.000 Y=1630.000 Z=300.000) RuntimeGrid:None EditorOnly:false RuntimeOnly:false HLODRelevant:true ListedInSceneOutliner:true IsMainWorldOnly:false FolderPath:Playground FolderGuid:CDC3EA2D424DF73175D386948543BF31
 |   |   |- [+] [ 29]
 |   |   |   |- Guid:CDC290334FAA2557343A1181CA8C7F4B NativeClass:/Script/Engine.StaticMeshActor Name:StaticMeshActor_2 Label:SM_Cube2 SpatiallyLoaded:true EditorBounds:IsValid=true, Min=(X=0.000 Y=0.000 Z=0.000), Max=(X=3000.000 Y=100.000 Z=300.000) RuntimeBounds:IsValid=true, Min=(X=0.000 Y=0.000 Z=0.000), Max=(X=3000.000 Y=100.000 Z=300.000) RuntimeGrid:None EditorOnly:false RuntimeOnly:false HLODRelevant:true ListedInSceneOutliner:true IsMainWorldOnly:false FolderPath:Playground FolderGuid:CDC3EA2D424DF73175D386948543BF31
 |- ContainerInstances:
 |- [+] MainContainer:
 |   |-        ID: 00000000000000000000000000000000
 |   |-  ParentID: 00000000000000000000000000000000
 |   |-    Bounds: IsValid=false, Min=(X=0.000 Y=0.000 Z=0.000), Max=(X=0.000 Y=0.000 Z=0.000)
 |   |- Transform: 0.000000,0.000000,0.000000|0.000000,0.000000,-0.000000|1.000000,1.000000,1.000000
 |   |- Container: /Game/FirstPerson/Maps/FirstPersonMap
----------------------------------------------------------------------------------------------------------------
FirstPersonMap - Persistent Level
----------------------------------------------------------------------------------------------------------------
[+] Content of FirstPersonMap Persistent Level
 |- Always loaded Actor Count: 30 
 |- Actor Path: /Game/FirstPerson/Maps/FirstPersonMap.FirstPersonMap:PersistentLevel.DirectionalLight_0
 |- Actor Package: /Game/__ExternalActors__/FirstPerson/Maps/FirstPersonMap/A/KU/12YG9I1QW2GU72MG8QQX1K
 |- Actor Path: /Game/FirstPerson/Maps/FirstPersonMap.FirstPersonMap:PersistentLevel.ExponentialHeightFog_0
 |- Actor Package: /Game/__ExternalActors__/FirstPerson/Maps/FirstPersonMap/0/CL/381LM03PFI8AF9NED1SEV2
 |- Actor Path: /Game/FirstPerson/Maps/FirstPersonMap.FirstPersonMap:PersistentLevel.PlayerStart_0
 |- Actor Package: /Game/__ExternalActors__/FirstPerson/Maps/FirstPersonMap/8/Z7/W1SXRCM1KAKBJOIZDLHZ47
 |- Actor Path: /Game/FirstPerson/Maps/FirstPersonMap.FirstPersonMap:PersistentLevel.PostProcessVolume_0
 |- Actor Package: /Game/__ExternalActors__/FirstPerson/Maps/FirstPersonMap/E/MX/R1GV431P5FDO08OFULRA01
 |- Actor Path: /Game/FirstPerson/Maps/FirstPersonMap.FirstPersonMap:PersistentLevel.SkyAtmosphere_0
 |- Actor Package: /Game/__ExternalActors__/FirstPerson/Maps/FirstPersonMap/C/VO/VMN4G7K3NKKV6F8HTPHHDB
 |- Actor Path: /Game/FirstPerson/Maps/FirstPersonMap.FirstPersonMap:PersistentLevel.SkyLight_0
 |- Actor Package: /Game/__ExternalActors__/FirstPerson/Maps/FirstPersonMap/6/0Z/5RQIHCZ9W3UXRGL4LTLQAK
 |- Actor Path: /Game/FirstPerson/Maps/FirstPersonMap.FirstPersonMap:PersistentLevel.StaticMeshActor_0
 |- Actor Package: /Game/__ExternalActors__/FirstPerson/Maps/FirstPersonMap/7/L5/1ZJ54FMA0DAL3I2Q8RFAIB
 |- Actor Path: /Game/FirstPerson/Maps/FirstPersonMap.FirstPersonMap:PersistentLevel.StaticMeshActor_2
 |- Actor Package: /Game/__ExternalActors__/FirstPerson/Maps/FirstPersonMap/7/I8/LH9T10MU22N3EEPTZ4GAFC
 |- Actor Path: /Game/FirstPerson/Maps/FirstPersonMap.FirstPersonMap:PersistentLevel.StaticMeshActor_3
 |- Actor Package: /Game/__ExternalActors__/FirstPerson/Maps/FirstPersonMap/3/AI/0XWE3RNM2XQC0ST1KXG02O
 |- Actor Path: /Game/FirstPerson/Maps/FirstPersonMap.FirstPersonMap:PersistentLevel.StaticMeshActor_34
 |- Actor Package: /Game/__ExternalActors__/FirstPerson/Maps/FirstPersonMap/6/7Z/7EHFAZ5HVWXAWQ04QO5TH0
 |- Actor Path: /Game/FirstPerson/Maps/FirstPersonMap.FirstPersonMap:PersistentLevel.StaticMeshActor_7
 |- Actor Package: /Game/__ExternalActors__/FirstPerson/Maps/FirstPersonMap/0/XV/VTAF5COFGLO9YT51MQCVTR
 |- Actor Path: /Game/FirstPerson/Maps/FirstPersonMap.FirstPersonMap:PersistentLevel.StaticMeshActor_8
 |- Actor Package: /Game/__ExternalActors__/FirstPerson/Maps/FirstPersonMap/8/SZ/D1AHM62WL9TXSNPYQDXQMZ
 |- Actor Path: /Game/FirstPerson/Maps/FirstPersonMap.FirstPersonMap:PersistentLevel.StaticMeshActor_UAID_A4AE111137DC5FFB00_1159438599
 |- Actor Package: /Game/__ExternalActors__/FirstPerson/Maps/FirstPersonMap/8/N6/7HWHBG6K5ONLNTKPMLXMYR
 |- Actor Path: /Game/FirstPerson/Maps/FirstPersonMap.FirstPersonMap:PersistentLevel.StaticMeshActor_UAID_D843AE9835D68FCD02_1413243143
 |- Actor Package: /Game/__ExternalActors__/FirstPerson/Maps/FirstPersonMap/E/7P/AU1V47EK6NCDB4Y4034FWA
 |- Actor Path: /Game/FirstPerson/Maps/FirstPersonMap.FirstPersonMap:PersistentLevel.StaticMeshActor_UAID_D843AE9835D68FCD02_1506036144
 |- Actor Package: /Game/__ExternalActors__/FirstPerson/Maps/FirstPersonMap/9/SC/FAXPK3JJR6TC38DHM07MRU
 |- Actor Path: /Game/FirstPerson/Maps/FirstPersonMap.FirstPersonMap:PersistentLevel.StaticMeshActor_UAID_D843AE9835D68FCD02_1532296145
 |- Actor Package: /Game/__ExternalActors__/FirstPerson/Maps/FirstPersonMap/4/F8/QV4AK49M4JW58XCUUDK95A
 |- Actor Path: /Game/FirstPerson/Maps/FirstPersonMap.FirstPersonMap:PersistentLevel.StaticMeshActor_UAID_D843AE9835D68FCD02_1579812146
 |- Actor Package: /Game/__ExternalActors__/FirstPerson/Maps/FirstPersonMap/C/36/GJKH9JGXKND7FM7RJ6ZQ14
 |- Actor Path: /Game/FirstPerson/Maps/FirstPersonMap.FirstPersonMap:PersistentLevel.StaticMeshActor_UAID_D843AE9835D68FCD02_1614363147
 |- Actor Package: /Game/__ExternalActors__/FirstPerson/Maps/FirstPersonMap/1/Z1/D45YXAG8I5QJXW6VBCYW3Q
 |- Actor Path: /Game/FirstPerson/Maps/FirstPersonMap.FirstPersonMap:PersistentLevel.StaticMeshActor_UAID_D843AE9835D68FCD02_1637349148
 |- Actor Package: /Game/__ExternalActors__/FirstPerson/Maps/FirstPersonMap/E/L1/8DI57CSHDY4NOXLUFBQVSS
 |- Actor Path: /Game/FirstPerson/Maps/FirstPersonMap.FirstPersonMap:PersistentLevel.StaticMeshActor_UAID_D843AE9835D68FCD02_1671598149
 |- Actor Package: /Game/__ExternalActors__/FirstPerson/Maps/FirstPersonMap/E/HP/UQ0KSRSZGIRW4CDHW1VC6O
 |- Actor Path: /Game/FirstPerson/Maps/FirstPersonMap.FirstPersonMap:PersistentLevel.StaticMeshActor_UAID_D843AE9835D68FCD02_1694613150
 |- Actor Package: /Game/__ExternalActors__/FirstPerson/Maps/FirstPersonMap/C/CW/4TCAC41EPV31J2B1ILK5IF
 |- Actor Path: /Game/FirstPerson/Maps/FirstPersonMap.FirstPersonMap:PersistentLevel.StaticMeshActor_UAID_D843AE9835D68FCD02_1752449151
 |- Actor Package: /Game/__ExternalActors__/FirstPerson/Maps/FirstPersonMap/E/XT/QYZNQ8AEBNCVCA0ACEBH19
 |- Actor Path: /Game/FirstPerson/Maps/FirstPersonMap.FirstPersonMap:PersistentLevel.StaticMeshActor_UAID_D843AE9835D68FCD02_1772991152
 |- Actor Package: /Game/__ExternalActors__/FirstPerson/Maps/FirstPersonMap/2/M3/QKBVFWDVWY5L7ZDLZWGL7G
 |- Actor Path: /Game/FirstPerson/Maps/FirstPersonMap.FirstPersonMap:PersistentLevel.StaticMeshActor_UAID_D843AE9835D68FCD02_1823787153
 |- Actor Package: /Game/__ExternalActors__/FirstPerson/Maps/FirstPersonMap/A/VA/OJ1OL83QG35FLFD90T1100
 |- Actor Path: /Game/FirstPerson/Maps/FirstPersonMap.FirstPersonMap:PersistentLevel.StaticMeshActor_UAID_D843AE9835D68FCD02_1851076154
 |- Actor Package: /Game/__ExternalActors__/FirstPerson/Maps/FirstPersonMap/E/0A/WQW49HZKSSZZTPPQIF3QTA
 |- Actor Path: /Game/FirstPerson/Maps/FirstPersonMap.FirstPersonMap:PersistentLevel.StaticMeshActor_UAID_D843AE9835D68FCD02_1972089155
 |- Actor Package: /Game/__ExternalActors__/FirstPerson/Maps/FirstPersonMap/8/LV/7WLNMN7G0V3P2M88QCFQMO
 |- Actor Path: /Game/FirstPerson/Maps/FirstPersonMap.FirstPersonMap:PersistentLevel.StaticMeshActor_UAID_D843AE9835D690CD02_1077430332
 |- Actor Package: /Game/__ExternalActors__/FirstPerson/Maps/FirstPersonMap/A/XD/JZMIORT9ODK1C87D0V68JN
 |- Actor Path: /Game/FirstPerson/Maps/FirstPersonMap.FirstPersonMap:PersistentLevel.TextRenderActor_0
 |- Actor Package: /Game/__ExternalActors__/FirstPerson/Maps/FirstPersonMap/5/W4/MXSOOLN47B2MJB5ZNQINHQ
 |- Actor Path: /Game/FirstPerson/Maps/FirstPersonMap.FirstPersonMap:PersistentLevel.VolumetricCloud_0
 |- Actor Package: /Game/__ExternalActors__/FirstPerson/Maps/FirstPersonMap/0/GO/I8WEFD3RY9V3NVQLSU6QM4
 |- Actor Path: /Game/FirstPerson/Maps/FirstPersonMap.FirstPersonMap:PersistentLevel.WorldDataLayers
 |- Actor Package: /Game/__ExternalActors__/FirstPerson/Maps/FirstPersonMap/D/0W/E1FKEGVKGOLM7HGLQPCIPO

----------------------------------------------------------------------------------------------------------------
FirstPersonMap - Runtime Hash Set
----------------------------------------------------------------------------------------------------------------

